{"uuid":"37b24225-c77e-428e-bcf0-ce4c1ac8232e","historyId":"eae275284fd6c7f616d8ab394b1ab357","fullName":"tests.ui.api.TestPostPutViceDean.testPostPutViceDean","labels":[{"name":"package","value":"tests.ui.api.TestPostPutViceDean"},{"name":"testClass","value":"tests.ui.api.TestPostPutViceDean"},{"name":"testMethod","value":"testPostPutViceDean"},{"name":"parentSuite","value":"Default Suite"},{"name":"suite","value":"WebDriverUnivercityExercise"},{"name":"subSuite","value":"tests.ui.api.TestPostPutViceDean"},{"name":"host","value":"DESKTOP-3QB5JLI"},{"name":"thread","value":"16208@DESKTOP-3QB5JLI.main(1)"},{"name":"framework","value":"testng"},{"name":"language","value":"java"}],"links":[],"name":"testPostPutViceDean","status":"broken","statusDetails":{"known":false,"muted":false,"flaky":false,"message":"org.codehaus.jackson.map.exc.UnrecognizedPropertyException: Unrecognized field \"statusCode\" (Class apis.deanSave.ResponseDeanSavePojo), not marked as ignorable\n at [Source: java.io.StringReader@f7a8a7b; line: 1, column: 93] (through reference chain: apis.deanSave.ResponseDeanSavePojo[\"statusCode\"])","trace":"java.io.UncheckedIOException: org.codehaus.jackson.map.exc.UnrecognizedPropertyException: Unrecognized field \"statusCode\" (Class apis.deanSave.ResponseDeanSavePojo), not marked as ignorable\n at [Source: java.io.StringReader@f7a8a7b; line: 1, column: 93] (through reference chain: apis.deanSave.ResponseDeanSavePojo[\"statusCode\"])\r\n\tat io.restassured.internal.path.json.mapping.JsonPathJackson1ObjectDeserializer.deserialize(JsonPathJackson1ObjectDeserializer.java:31)\r\n\tat io.restassured.path.json.mapping.JsonPathObjectDeserializer$deserialize.call(Unknown Source)\r\n\tat org.codehaus.groovy.runtime.callsite.CallSiteArray.defaultCall(CallSiteArray.java:45)\r\n\tat org.codehaus.groovy.runtime.callsite.AbstractCallSite.call(AbstractCallSite.java:125)\r\n\tat org.codehaus.groovy.runtime.callsite.AbstractCallSite.call(AbstractCallSite.java:139)\r\n\tat io.restassured.internal.mapping.Jackson1Mapper.deserialize(Jackson1Mapper.groovy:55)\r\n\tat io.restassured.mapper.ObjectMapper$deserialize$0.call(Unknown Source)\r\n\tat org.codehaus.groovy.runtime.callsite.CallSiteArray.defaultCall(CallSiteArray.java:45)\r\n\tat org.codehaus.groovy.runtime.callsite.AbstractCallSite.call(AbstractCallSite.java:125)\r\n\tat org.codehaus.groovy.runtime.callsite.AbstractCallSite.call(AbstractCallSite.java:139)\r\n\tat io.restassured.internal.mapping.ObjectMapping.parseWithJackson1(ObjectMapping.groovy:250)\r\n\tat io.restassured.internal.mapping.ObjectMapping$parseWithJackson1$1.callStatic(Unknown Source)\r\n\tat org.codehaus.groovy.runtime.callsite.CallSiteArray.defaultCallStatic(CallSiteArray.java:53)\r\n\tat org.codehaus.groovy.runtime.callsite.AbstractCallSite.callStatic(AbstractCallSite.java:217)\r\n\tat org.codehaus.groovy.runtime.callsite.AbstractCallSite.callStatic(AbstractCallSite.java:240)\r\n\tat io.restassured.internal.mapping.ObjectMapping.deserialize(ObjectMapping.groovy:58)\r\n\tat io.restassured.internal.mapping.ObjectMapping$deserialize$0.call(Unknown Source)\r\n\tat org.codehaus.groovy.runtime.callsite.CallSiteArray.defaultCall(CallSiteArray.java:45)\r\n\tat org.codehaus.groovy.runtime.callsite.AbstractCallSite.call(AbstractCallSite.java:125)\r\n\tat io.restassured.internal.RestAssuredResponseOptionsGroovyImpl.as(RestAssuredResponseOptionsGroovyImpl.groovy:229)\r\n\tat io.restassured.internal.RestAssuredResponseOptionsImpl.as(RestAssuredResponseOptionsImpl.java:169)\r\n\tat apis.viceDean.ViceDeanSaveApi.assertionPostViceDeanSave(ViceDeanSaveApi.java:56)\r\n\tat tests.ui.api.TestPostPutViceDean.testPostPutViceDean(TestPostPutViceDean.java:12)\r\n\tat java.base/jdk.internal.reflect.NativeMethodAccessorImpl.invoke0(Native Method)\r\n\tat java.base/jdk.internal.reflect.NativeMethodAccessorImpl.invoke(NativeMethodAccessorImpl.java:77)\r\n\tat java.base/jdk.internal.reflect.DelegatingMethodAccessorImpl.invoke(DelegatingMethodAccessorImpl.java:43)\r\n\tat java.base/java.lang.reflect.Method.invoke(Method.java:568)\r\n\tat org.testng.internal.invokers.MethodInvocationHelper.invokeMethod(MethodInvocationHelper.java:139)\r\n\tat org.testng.internal.invokers.TestInvoker.invokeMethod(TestInvoker.java:664)\r\n\tat org.testng.internal.invokers.TestInvoker.invokeTestMethod(TestInvoker.java:228)\r\n\tat org.testng.internal.invokers.MethodRunner.runInSequence(MethodRunner.java:63)\r\n\tat org.testng.internal.invokers.TestInvoker$MethodInvocationAgent.invoke(TestInvoker.java:961)\r\n\tat org.testng.internal.invokers.TestInvoker.invokeTestMethods(TestInvoker.java:201)\r\n\tat org.testng.internal.invokers.TestMethodWorker.invokeTestMethods(TestMethodWorker.java:148)\r\n\tat org.testng.internal.invokers.TestMethodWorker.run(TestMethodWorker.java:128)\r\n\tat java.base/java.util.ArrayList.forEach(ArrayList.java:1511)\r\n\tat org.testng.TestRunner.privateRun(TestRunner.java:819)\r\n\tat org.testng.TestRunner.run(TestRunner.java:619)\r\n\tat org.testng.SuiteRunner.runTest(SuiteRunner.java:443)\r\n\tat org.testng.SuiteRunner.runSequentially(SuiteRunner.java:437)\r\n\tat org.testng.SuiteRunner.privateRun(SuiteRunner.java:397)\r\n\tat org.testng.SuiteRunner.run(SuiteRunner.java:336)\r\n\tat org.testng.SuiteRunnerWorker.runSuite(SuiteRunnerWorker.java:52)\r\n\tat org.testng.SuiteRunnerWorker.run(SuiteRunnerWorker.java:95)\r\n\tat org.testng.TestNG.runSuitesSequentially(TestNG.java:1301)\r\n\tat org.testng.TestNG.runSuitesLocally(TestNG.java:1228)\r\n\tat org.testng.TestNG.runSuites(TestNG.java:1134)\r\n\tat org.testng.TestNG.run(TestNG.java:1101)\r\n\tat com.intellij.rt.testng.IDEARemoteTestNG.run(IDEARemoteTestNG.java:66)\r\n\tat com.intellij.rt.testng.RemoteTestNGStarter.main(RemoteTestNGStarter.java:109)\r\nCaused by: org.codehaus.jackson.map.exc.UnrecognizedPropertyException: Unrecognized field \"statusCode\" (Class apis.deanSave.ResponseDeanSavePojo), not marked as ignorable\n at [Source: java.io.StringReader@f7a8a7b; line: 1, column: 93] (through reference chain: apis.deanSave.ResponseDeanSavePojo[\"statusCode\"])\r\n\tat org.codehaus.jackson.map.exc.UnrecognizedPropertyException.from(UnrecognizedPropertyException.java:53)\r\n\tat org.codehaus.jackson.map.deser.StdDeserializationContext.unknownFieldException(StdDeserializationContext.java:267)\r\n\tat org.codehaus.jackson.map.deser.std.StdDeserializer.reportUnknownProperty(StdDeserializer.java:673)\r\n\tat org.codehaus.jackson.map.deser.std.StdDeserializer.handleUnknownProperty(StdDeserializer.java:659)\r\n\tat org.codehaus.jackson.map.deser.BeanDeserializer.handleUnknownProperty(BeanDeserializer.java:1365)\r\n\tat org.codehaus.jackson.map.deser.BeanDeserializer._handleUnknown(BeanDeserializer.java:725)\r\n\tat org.codehaus.jackson.map.deser.BeanDeserializer.deserializeFromObject(BeanDeserializer.java:703)\r\n\tat org.codehaus.jackson.map.deser.BeanDeserializer.deserialize(BeanDeserializer.java:580)\r\n\tat org.codehaus.jackson.map.ObjectMapper._readMapAndClose(ObjectMapper.java:2732)\r\n\tat org.codehaus.jackson.map.ObjectMapper.readValue(ObjectMapper.java:1877)\r\n\tat io.restassured.internal.path.json.mapping.JsonPathJackson1ObjectDeserializer.deserialize(JsonPathJackson1ObjectDeserializer.java:29)\r\n\t... 49 more\r\n"},"stage":"finished","steps":[{"name":"Kullanıcı path param oluşturur.","status":"passed","stage":"finished","steps":[],"attachments":[],"parameters":[],"start":1708629860041,"stop":1708629860042},{"name":"Kullanıcı doğrulama yapar.","status":"passed","stage":"finished","steps":[],"attachments":[],"parameters":[],"start":1708629861035,"stop":1708629861035}],"attachments":[],"parameters":[],"start":1708629860039,"stop":1708629861111}